<?xml version="1.0" encoding="UTF-8"?>
<testng-results skipped="0" failed="0" ignored="0" total="1" passed="1">
  <reporter-output>
  </reporter-output>
  <suite name="Default suite" duration-ms="23553" started-at="2019-12-04T02:49:02Z" finished-at="2019-12-04T02:49:26Z">
    <groups>
    </groups>
    <test name="Default test" duration-ms="23553" started-at="2019-12-04T02:49:02Z" finished-at="2019-12-04T02:49:26Z">
      <class name="com.qa.crm.TestCases.LoginTest">
        <test-method status="PASS" signature="loginToApp()[pri:0, instance:com.qa.crm.TestCases.LoginTest@3a82f6ef]" name="loginToApp" duration-ms="23483" started-at="2019-12-04T08:19:02Z" finished-at="2019-12-04T08:19:26Z">
          <reporter-output>
          </reporter-output>
        </test-method> <!-- loginToApp -->
      </class> <!-- com.qa.crm.TestCases.LoginTest -->
    </test> <!-- Default test -->
  </suite> <!-- Default suite -->
</testng-results>
